<?xml version="1.0" encoding="UTF-8"?>
<!-- Generated by org.testng.reporters.JUnitReportReporter -->
<testsuite hostname="DESKTOP-KIOI9EU" failures="0" tests="3" name="com.qa.hubspot.test.HomePageTest" time="19.722" errors="0" timestamp="01 May 2020 16:59:15 GMT" skipped="0">
  <testcase classname="com.qa.hubspot.test.HomePageTest" name="isHomePageHeaderExistTest" time="13.829"/>
  <testcase classname="com.qa.hubspot.test.HomePageTest" name="isloginnamecorrectTest" time="0.713"/>
  <testcase classname="com.qa.hubspot.test.HomePageTest" name="clickonContactsTest" time="5.180"/>
</testsuite> <!-- com.qa.hubspot.test.HomePageTest -->
